Using pre-set license
Built from '2022.3/staging' branch; Version is '2022.3.4f1 (35713cd46cd7) revision 3502396'; Using compiler version '192829333'; Build Type 'Release'
OS: 'Windows 11  (10.0.22621) 64bit Core' Language: 'ko' Physical Memory: 16057 MB
BatchMode: 1, IsHumanControllingUs: 0, StartBugReporterOnCrash: 0, Is64bit: 1, IsPro: 1

COMMAND LINE ARGUMENTS:
C:\Program Files\Unity\Hub\Editor\2022.3.4f1\Editor\Unity.exe
-adb2
-batchMode
-noUpm
-name
AssetImportWorker0
-projectPath
C:/Users/seong/EraserEvade/EraserEvade
-logFile
Logs/AssetImportWorker0.log
-srvPort
53247
Successfully changed project path to: C:/Users/seong/EraserEvade/EraserEvade
C:/Users/seong/EraserEvade/EraserEvade
[UnityMemory] Configuration Parameters - Can be set up in boot.config
    "memorysetup-bucket-allocator-granularity=16"
    "memorysetup-bucket-allocator-bucket-count=8"
    "memorysetup-bucket-allocator-block-size=33554432"
    "memorysetup-bucket-allocator-block-count=8"
    "memorysetup-main-allocator-block-size=16777216"
    "memorysetup-thread-allocator-block-size=16777216"
    "memorysetup-gfx-main-allocator-block-size=16777216"
    "memorysetup-gfx-thread-allocator-block-size=16777216"
    "memorysetup-cache-allocator-block-size=4194304"
    "memorysetup-typetree-allocator-block-size=2097152"
    "memorysetup-profiler-bucket-allocator-granularity=16"
    "memorysetup-profiler-bucket-allocator-bucket-count=8"
    "memorysetup-profiler-bucket-allocator-block-size=33554432"
    "memorysetup-profiler-bucket-allocator-block-count=8"
    "memorysetup-profiler-allocator-block-size=16777216"
    "memorysetup-profiler-editor-allocator-block-size=1048576"
    "memorysetup-temp-allocator-size-main=16777216"
    "memorysetup-job-temp-allocator-block-size=2097152"
    "memorysetup-job-temp-allocator-block-size-background=1048576"
    "memorysetup-job-temp-allocator-reduction-small-platforms=262144"
    "memorysetup-allocator-temp-initial-block-size-main=262144"
    "memorysetup-allocator-temp-initial-block-size-worker=262144"
    "memorysetup-temp-allocator-size-background-worker=32768"
    "memorysetup-temp-allocator-size-job-worker=262144"
    "memorysetup-temp-allocator-size-preload-manager=33554432"
    "memorysetup-temp-allocator-size-nav-mesh-worker=65536"
    "memorysetup-temp-allocator-size-audio-worker=65536"
    "memorysetup-temp-allocator-size-cloud-worker=32768"
    "memorysetup-temp-allocator-size-gi-baking-worker=262144"
    "memorysetup-temp-allocator-size-gfx=262144"
Player connection [11048] Host "[IP] 172.30.1.69 [Port] 0 [Flags] 2 [Guid] 1948749794 [EditorId] 1948749794 [Version] 1048832 [Id] WindowsEditor(7,hongseong) [Debug] 1 [PackageName] WindowsEditor [ProjectName] Editor" joined multi-casting on [225.0.0.222:54997]...

Player connection [11048] Host "[IP] 172.30.1.69 [Port] 0 [Flags] 2 [Guid] 1948749794 [EditorId] 1948749794 [Version] 1048832 [Id] WindowsEditor(7,hongseong) [Debug] 1 [PackageName] WindowsEditor [ProjectName] Editor" joined alternative multi-casting on [225.0.0.222:34997]...

Refreshing native plugins compatible for Editor in 7.94 ms, found 4 plugins.
Preloading 0 native plugins for Editor in 0.00 ms.
Initialize engine version: 2022.3.4f1 (35713cd46cd7)
[Subsystems] Discovering subsystems at path C:/Program Files/Unity/Hub/Editor/2022.3.4f1/Editor/Data/Resources/UnitySubsystems
[Subsystems] Discovering subsystems at path C:/Users/seong/EraserEvade/EraserEvade/Assets
GfxDevice: creating device client; threaded=0; jobified=0
Direct3D:
    Version:  Direct3D 11.0 [level 11.1]
    Renderer: Intel(R) Iris(R) Xe Graphics (ID=0x9a49)
    Vendor:   Intel
    VRAM:     8028 MB
    Driver:   27.20.100.9415
Initialize mono
Mono path[0] = 'C:/Program Files/Unity/Hub/Editor/2022.3.4f1/Editor/Data/Managed'
Mono path[1] = 'C:/Program Files/Unity/Hub/Editor/2022.3.4f1/Editor/Data/MonoBleedingEdge/lib/mono/unityjit-win32'
Mono config path = 'C:/Program Files/Unity/Hub/Editor/2022.3.4f1/Editor/Data/MonoBleedingEdge/etc'
Using monoOptions --debugger-agent=transport=dt_socket,embedding=1,server=y,suspend=n,address=127.0.0.1:56848
Begin MonoManager ReloadAssembly
Registering precompiled unity dll's ...
Register platform support module: C:/Program Files/Unity/Hub/Editor/2022.3.4f1/Editor/Data/PlaybackEngines/AndroidPlayer/UnityEditor.Android.Extensions.dll
Register platform support module: C:/Program Files/Unity/Hub/Editor/2022.3.4f1/Editor/Data/PlaybackEngines/WindowsStandaloneSupport/UnityEditor.WindowsStandalone.Extensions.dll
Registered in 0.006318 seconds.
- Loaded All Assemblies, in  0.359 seconds
Native extension for WindowsStandalone target not found
Native extension for Android target not found
Android Extension - Scanning For ADB Devices 242 ms
Mono: successfully reloaded assembly
- Finished resetting the current domain, in  0.563 seconds
Domain Reload Profiling: 921ms
	BeginReloadAssembly (78ms)
		ExecutionOrderSort (0ms)
		DisableScriptedObjects (0ms)
		BackupInstance (0ms)
		ReleaseScriptingObjects (0ms)
		CreateAndSetChildDomain (1ms)
	RebuildCommonClasses (38ms)
	RebuildNativeTypeToScriptingClass (19ms)
	initialDomainReloadingComplete (60ms)
	LoadAllAssembliesAndSetupDomain (163ms)
		LoadAssemblies (75ms)
		RebuildTransferFunctionScriptingTraits (0ms)
		AnalyzeDomain (155ms)
			TypeCache.Refresh (155ms)
				TypeCache.ScanAssembly (143ms)
			ScanForSourceGeneratedMonoScriptInfo (0ms)
			ResolveRequiredComponents (0ms)
	FinalizeReload (564ms)
		ReleaseScriptCaches (0ms)
		RebuildScriptCaches (0ms)
		SetupLoadedEditorAssemblies (503ms)
			LogAssemblyErrors (0ms)
			InitializePlatformSupportModulesInManaged (357ms)
			SetLoadedEditorAssemblies (5ms)
			RefreshPlugins (0ms)
			BeforeProcessingInitializeOnLoad (2ms)
			ProcessInitializeOnLoadAttributes (90ms)
			ProcessInitializeOnLoadMethodAttributes (49ms)
			AfterProcessingInitializeOnLoad (0ms)
			EditorAssembliesLoaded (0ms)
		ExecutionOrderSort2 (0ms)
		AwakeInstancesAfterBackupRestoration (0ms)
========================================================================
Worker process is ready to serve import requests
Begin MonoManager ReloadAssembly
Symbol file LoadedFromMemory doesn't match image C:\Users\seong\EraserEvade\EraserEvade\Library\PackageCache\com.unity.visualscripting@1.8.0\Editor\VisualScripting.Core\Dependencies\YamlDotNet\Unity.VisualScripting.YamlDotNet.dll
Symbol file LoadedFromMemory doesn't match image C:\Users\seong\EraserEvade\EraserEvade\Library\PackageCache\com.unity.visualscripting@1.8.0\Editor\VisualScripting.Core\Dependencies\DotNetZip\Unity.VisualScripting.IonicZip.dll
- Loaded All Assemblies, in  0.756 seconds
Refreshing native plugins compatible for Editor in 3.74 ms, found 4 plugins.
Native extension for WindowsStandalone target not found
Native extension for Android target not found
Mono: successfully reloaded assembly
- Finished resetting the current domain, in  0.750 seconds
Domain Reload Profiling: 1502ms
	BeginReloadAssembly (120ms)
		ExecutionOrderSort (0ms)
		DisableScriptedObjects (4ms)
		BackupInstance (0ms)
		ReleaseScriptingObjects (0ms)
		CreateAndSetChildDomain (21ms)
	RebuildCommonClasses (38ms)
	RebuildNativeTypeToScriptingClass (13ms)
	initialDomainReloadingComplete (45ms)
	LoadAllAssembliesAndSetupDomain (535ms)
		LoadAssemblies (281ms)
		RebuildTransferFunctionScriptingTraits (0ms)
		AnalyzeDomain (307ms)
			TypeCache.Refresh (284ms)
				TypeCache.ScanAssembly (268ms)
			ScanForSourceGeneratedMonoScriptInfo (19ms)
			ResolveRequiredComponents (4ms)
	FinalizeReload (751ms)
		ReleaseScriptCaches (0ms)
		RebuildScriptCaches (0ms)
		SetupLoadedEditorAssemblies (563ms)
			LogAssemblyErrors (0ms)
			InitializePlatformSupportModulesInManaged (21ms)
			SetLoadedEditorAssemblies (6ms)
			RefreshPlugins (0ms)
			BeforeProcessingInitializeOnLoad (95ms)
			ProcessInitializeOnLoadAttributes (382ms)
			ProcessInitializeOnLoadMethodAttributes (51ms)
			AfterProcessingInitializeOnLoad (7ms)
			EditorAssembliesLoaded (0ms)
		ExecutionOrderSort2 (0ms)
		AwakeInstancesAfterBackupRestoration (11ms)
Launched and connected shader compiler UnityShaderCompiler.exe after 0.05 seconds
Refreshing native plugins compatible for Editor in 4.64 ms, found 4 plugins.
Preloading 0 native plugins for Editor in 0.00 ms.
Unloading 4003 Unused Serialized files (Serialized files now loaded: 0)
Unloading 63 unused Assets / (60.4 KB). Loaded Objects now: 4472.
Memory consumption went from 143.9 MB to 143.9 MB.
Total: 3.918100 ms (FindLiveObjects: 0.318200 ms CreateObjectMapping: 0.161000 ms MarkObjects: 3.290200 ms  DeleteObjects: 0.147100 ms)

AssetImportParameters requested are different than current active one (requested -> active):
  custom:container-demuxer-ogg: 62fdf1f143b41e24485cea50d1cbac27 -> 
  custom:video-codec-MediaFoundation-h265: 746d11721c4dcdbdad8f713fa42b33f4 -> 
  custom:video-decoder-ogg-theora: a1e56fd34408186e4bbccfd4996cb3dc -> 
  custom:framework-win-MediaFoundation: 216162199b28c13a410421893ffa2e32 -> 
  custom:CustomObjectIndexerAttribute: 756ad292c208cfabdd7b50bc23989ffe -> 
  custom:container-demuxer-webm: 4f35f7cbe854078d1ac9338744f61a02 -> 
  custom:container-muxer-webm: aa71ff27fc2769a1b78a27578f13a17b -> 
  custom:video-decoder-webm-vp8: 9c59270c3fd7afecdb556c50c9e8de78 -> 
  custom:AudioImporter_EditorPlatform: d09bf68614088b80899f8185d706f6e7 -> 
  custom:video-encoder-webm-vp8: eb34c28f22e8b96e1ab97ce403110664 -> 
  custom:audio-decoder-ogg-vorbis: bf7c407c2cedff20999df2af8eb42d56 -> 
  custom:audio-encoder-webm-vorbis: bf7c407c2cedff20999df2af8eb42d56 -> 
========================================================================
Received Import Request.
  Time since last request: 142270.559910 seconds.
  path: Assets/Prefabs/WaterDrop1.prefab
  artifactKey: Guid(119cf1ef73f7c5247afddfa4c7988386) Importer(815301076,1909f56bfc062723c751e8b465ee728b)
Start importing Assets/Prefabs/WaterDrop1.prefab using Guid(119cf1ef73f7c5247afddfa4c7988386) Importer(815301076,1909f56bfc062723c751e8b465ee728b)  -> (artifact id: 'ee58089f0aad8fc6f653304fdd217ed0') in 0.091805 seconds
Number of updated asset objects reloaded before import = 0
Number of asset objects unloaded after import = 10
========================================================================
Received Import Request.
  Time since last request: 0.000048 seconds.
  path: Assets/Prefabs/WaterDrop2.prefab
  artifactKey: Guid(a7626a7a237b90c47ae68c0658404102) Importer(815301076,1909f56bfc062723c751e8b465ee728b)
Start importing Assets/Prefabs/WaterDrop2.prefab using Guid(a7626a7a237b90c47ae68c0658404102) Importer(815301076,1909f56bfc062723c751e8b465ee728b)  -> (artifact id: '34034a0ee6440b8cdb4f134b9f650b58') in 0.013714 seconds
Number of updated asset objects reloaded before import = 0
Number of asset objects unloaded after import = 10
========================================================================
Received Import Request.
  Time since last request: 25.412491 seconds.
  path: Assets/Prefabs/WaterDrop1.prefab
  artifactKey: Guid(119cf1ef73f7c5247afddfa4c7988386) Importer(815301076,1909f56bfc062723c751e8b465ee728b)
Start importing Assets/Prefabs/WaterDrop1.prefab using Guid(119cf1ef73f7c5247afddfa4c7988386) Importer(815301076,1909f56bfc062723c751e8b465ee728b)  -> (artifact id: '9cfc0e6c2febfc79263658f83addef1c') in 0.023279 seconds
Number of updated asset objects reloaded before import = 0
Number of asset objects unloaded after import = 10
========================================================================
Received Import Request.
  Time since last request: 134.771093 seconds.
  path: Assets/Eraser_Right_Anime.png
  artifactKey: Guid(513ca01cd92a2ca42b833b8b47b746c6) Importer(815301076,1909f56bfc062723c751e8b465ee728b)
Start importing Assets/Eraser_Right_Anime.png using Guid(513ca01cd92a2ca42b833b8b47b746c6) Importer(815301076,1909f56bfc062723c751e8b465ee728b)  -> (artifact id: 'd410d66b1dbeb47f9282ec1bb92b3285') in 0.042074 seconds
Number of updated asset objects reloaded before import = 0
Number of asset objects unloaded after import = 3
========================================================================
Received Import Request.
  Time since last request: 881.036131 seconds.
  path: Assets/Eraser_Right_Anime.png
  artifactKey: Guid(513ca01cd92a2ca42b833b8b47b746c6) Importer(815301076,1909f56bfc062723c751e8b465ee728b)
Start importing Assets/Eraser_Right_Anime.png using Guid(513ca01cd92a2ca42b833b8b47b746c6) Importer(815301076,1909f56bfc062723c751e8b465ee728b)  -> (artifact id: 'b3be7782d2af41d822c1f0a5175d6573') in 0.026975 seconds
Number of updated asset objects reloaded before import = 0
Number of asset objects unloaded after import = 2
========================================================================
Received Import Request.
  Time since last request: 195.997408 seconds.
  path: Assets/Eraser_Right_Anime.png
  artifactKey: Guid(513ca01cd92a2ca42b833b8b47b746c6) Importer(815301076,1909f56bfc062723c751e8b465ee728b)
Start importing Assets/Eraser_Right_Anime.png using Guid(513ca01cd92a2ca42b833b8b47b746c6) Importer(815301076,1909f56bfc062723c751e8b465ee728b)  -> (artifact id: 'a7b2a1d6e4792f7fae64e12816ed8d53') in 0.033274 seconds
Number of updated asset objects reloaded before import = 0
Number of asset objects unloaded after import = 3
========================================================================
Received Import Request.
  Time since last request: 224.439580 seconds.
  path: Assets/Eraser_Right_Anime.png
  artifactKey: Guid(513ca01cd92a2ca42b833b8b47b746c6) Importer(815301076,1909f56bfc062723c751e8b465ee728b)
Start importing Assets/Eraser_Right_Anime.png using Guid(513ca01cd92a2ca42b833b8b47b746c6) Importer(815301076,1909f56bfc062723c751e8b465ee728b)  -> (artifact id: '1afc2995c478bcf18178e8d1231a337d') in 0.072529 seconds
Number of updated asset objects reloaded before import = 0
Number of asset objects unloaded after import = 16
========================================================================
Received Import Request.
  Time since last request: 127.039610 seconds.
  path: Assets/현수 오늘 못잠.png
  artifactKey: Guid(bd162f5ad8ce4bf4eae2aeaafb9b726c) Importer(815301076,1909f56bfc062723c751e8b465ee728b)
Start importing Assets/현수 오늘 못잠.png using Guid(bd162f5ad8ce4bf4eae2aeaafb9b726c) Importer(815301076,1909f56bfc062723c751e8b465ee728b)  -> (artifact id: '865ba98e8f96f71918d1f42b0ea3098b') in 0.025755 seconds
Number of updated asset objects reloaded before import = 0
Number of asset objects unloaded after import = 3
========================================================================
Received Import Request.
  Time since last request: 16.797718 seconds.
  path: Assets/현수 오늘 못잠.png
  artifactKey: Guid(bd162f5ad8ce4bf4eae2aeaafb9b726c) Importer(815301076,1909f56bfc062723c751e8b465ee728b)
Start importing Assets/현수 오늘 못잠.png using Guid(bd162f5ad8ce4bf4eae2aeaafb9b726c) Importer(815301076,1909f56bfc062723c751e8b465ee728b)  -> (artifact id: 'bf2cf5b9fb698d40e8ba0005079a4ae8') in 0.021156 seconds
Number of updated asset objects reloaded before import = 0
Number of asset objects unloaded after import = 2
========================================================================
Received Import Request.
  Time since last request: 15.624327 seconds.
  path: Assets/현수 오늘 못잠.png
  artifactKey: Guid(bd162f5ad8ce4bf4eae2aeaafb9b726c) Importer(815301076,1909f56bfc062723c751e8b465ee728b)
Start importing Assets/현수 오늘 못잠.png using Guid(bd162f5ad8ce4bf4eae2aeaafb9b726c) Importer(815301076,1909f56bfc062723c751e8b465ee728b)  -> (artifact id: '28c1128d1a767c70f309b1b1cbd230e5') in 0.066426 seconds
Number of updated asset objects reloaded before import = 0
Number of asset objects unloaded after import = 16
========================================================================
Received Import Request.
  Time since last request: 141.563606 seconds.
  path: Assets/Eraser_Death.png
  artifactKey: Guid(7cfcd20ec508a4f4abb7cba58d6487d5) Importer(815301076,1909f56bfc062723c751e8b465ee728b)
Start importing Assets/Eraser_Death.png using Guid(7cfcd20ec508a4f4abb7cba58d6487d5) Importer(815301076,1909f56bfc062723c751e8b465ee728b)  -> (artifact id: '8e91a3a90accf3fe75deea5496482eec') in 0.019514 seconds
Number of updated asset objects reloaded before import = 0
Number of asset objects unloaded after import = 3
========================================================================
Received Import Request.
  Time since last request: 263.847392 seconds.
  path: Assets/animation
  artifactKey: Guid(93bcbb132e0f1ea41a4ccddcbb4a0751) Importer(815301076,1909f56bfc062723c751e8b465ee728b)
Start importing Assets/animation using Guid(93bcbb132e0f1ea41a4ccddcbb4a0751) Importer(815301076,1909f56bfc062723c751e8b465ee728b)  -> (artifact id: 'b617c84f99c0a47ee88e3d46e6ee9f4c') in 0.001095 seconds
Number of updated asset objects reloaded before import = 0
Number of asset objects unloaded after import = 0
